["2024-11-11T16:04:09.544", "DEBUG", "root", "load_file", 356, "Reading file: /etc/os-release", {}]
["2024-11-11T16:04:09.548", "DEBUG", "root", "load_file", 356, "Reading file: /proc/version_signature", {}]
["2024-11-11T16:04:09.548", "WARNING", "root", "get_kernel_info", 66, "failed to process /proc/version_signature.", {}]
["2024-11-11T16:04:09.549", "WARNING", "root", "get_kernel_info", 71, "Failed to parse kernel: 5.15.153.1-microsoft-standard-WSL2", {}]
["2024-11-11T16:04:09.566", "DEBUG", "root", "load_file", 356, "Reading file: /var/lib/ubuntu-advantage/status.json", {}]
["2024-11-11T16:04:09.567", "DEBUG", "root", "read_cache", 478, "File does not exist: /var/lib/ubuntu-advantage/status.json", {}]
["2024-11-11T16:04:09.567", "DEBUG", "root", "load_file", 356, "Reading file: /var/lib/ubuntu-advantage/private/machine-token.json", {}]
["2024-11-11T16:04:09.567", "DEBUG", "uaclient.files.files", "read", 55, "File does not exist: /var/lib/ubuntu-advantage/private/machine-token.json", {}]
["2024-11-11T16:04:09.567", "DEBUG", "root", "readurl", 312, "URL [GET]: https://contracts.canonical.com/v1/resources?architecture=amd64&kernel=5.15.153.1-microsoft-standard-WSL2&series=focal&virt=wsl, headers: {'accept': 'application/json', 'content-type': 'application/json', 'user-agent': 'UA-Client/27.14.4~20.04'}, data: None", {}]
["2024-11-11T16:04:09.571", "DEBUG", "root", "load_file", 356, "Reading file: /var/lib/ubuntu-advantage/private/machine-token.json", {}]
["2024-11-11T16:04:09.574", "DEBUG", "uaclient.files.files", "read", 55, "File does not exist: /var/lib/ubuntu-advantage/private/machine-token.json", {}]
["2024-11-11T16:04:10.139", "DEBUG", "root", "readurl", 341, "URL [GET] response: https://contracts.canonical.com/v1/resources?architecture=amd64&kernel=5.15.153.1-microsoft-standard-WSL2&series=focal&virt=wsl, headers: {'accept-ranges': 'bytes', 'cache-control': 'no-store, max-age=0', 'connection': 'close', 'content-length': '881', 'content-type': 'application/json', 'date': 'Mon, 11 Nov 2024 21:04:11 GMT', 'server': 'nginx/1.18.0 (Ubuntu)', 'strict-transport-security': 'max-age=15724800; includeSubDomains', 'x-cache-status': 'MISS from content-cache-il3/1', 'x-trace-id': 'f3b72965-4c1c-4448-a3ab-a77964475870'}, data: {'resources': [{'available': True, 'name': 'anbox-cloud'}, {'available': True, 'name': 'anbox-images'}, {'available': True, 'name': 'cc'}, {'available': False, 'name': 'cc-eal'}, {'available': True, 'name': 'cis', 'presentedAs': 'usg'}, {'available': False, 'name': 'esm'}, {'available': True, 'name': 'esm-apps'}, {'available': True, 'name': 'esm-apps-python'}, {'available': True, 'name': 'esm-infra'}, {'available': False, 'name': 'esm-infra-legacy'}, {'available': True, 'name': 'esm-python'}, {'available': False, 'name': 'esm-ros'}, {'available': True, 'name': 'fips'}, {'available': False, 'name': 'fips-preview'}, {'available': True, 'name': 'fips-updates'}, {'available': False, 'name': 'landscape'}, {'available': True, 'name': 'livepatch'}, {'available': True, 'name': 'livepatch-onprem'}, {'available': False, 'name': 'realtime-kernel'}, {'available': True, 'name': 'ros'}, {'available': False, 'name': 'ros-updates'}, {'available': True, 'name': 'support'}]}", {}]
["2024-11-11T16:04:10.142", "DEBUG", "uaclient.status", "_unattached_status", 258, "Ignoring availability of unknown service anbox-cloud from contract server\n", {}]
["2024-11-11T16:04:10.142", "DEBUG", "uaclient.status", "_unattached_status", 258, "Ignoring availability of unknown service anbox-images from contract server\n", {}]
["2024-11-11T16:04:10.142", "DEBUG", "uaclient.status", "_unattached_status", 258, "Ignoring availability of unknown service cc from contract server\n", {}]
["2024-11-11T16:04:10.143", "DEBUG", "uaclient.status", "_unattached_status", 258, "Ignoring availability of unknown service esm from contract server\n", {}]
["2024-11-11T16:04:10.143", "DEBUG", "uaclient.status", "_unattached_status", 258, "Ignoring availability of unknown service esm-apps-python from contract server\n", {}]
["2024-11-11T16:04:10.143", "DEBUG", "uaclient.status", "_unattached_status", 258, "Ignoring availability of unknown service esm-infra-legacy from contract server\n", {}]
["2024-11-11T16:04:10.143", "DEBUG", "uaclient.status", "_unattached_status", 258, "Ignoring availability of unknown service esm-python from contract server\n", {}]
["2024-11-11T16:04:10.143", "DEBUG", "uaclient.status", "_unattached_status", 258, "Ignoring availability of unknown service esm-ros from contract server\n", {}]
["2024-11-11T16:04:10.143", "DEBUG", "uaclient.status", "_unattached_status", 258, "Ignoring availability of unknown service fips-preview from contract server\n", {}]
["2024-11-11T16:04:10.143", "DEBUG", "uaclient.status", "_unattached_status", 258, "Ignoring availability of unknown service landscape from contract server\n", {}]
["2024-11-11T16:04:10.143", "DEBUG", "root", "status", 118, "canonical-livepatch is not installed", {}]
["2024-11-11T16:04:10.143", "WARNING", "root", "on_supported_kernel", 296, "unable to determine enough kernel information to check livepatch support", {}]
["2024-11-11T16:04:10.144", "DEBUG", "uaclient.status", "_unattached_status", 258, "Ignoring availability of unknown service livepatch-onprem from contract server\n", {}]
["2024-11-11T16:04:10.144", "DEBUG", "uaclient.status", "_unattached_status", 258, "Ignoring availability of unknown service support from contract server\n", {}]
["2024-11-11T16:04:10.144", "DEBUG", "root", "write_file", 382, "Writing file /var/lib/ubuntu-advantage/status.json atomically via tempfile /var/lib/ubuntu-advantage/tmp0egg1sqn", {}]
["2024-11-11T16:04:10.145", "DEBUG", "root", "load_file", 356, "Reading file: /var/lib/ubuntu-advantage/private/machine-token.json", {}]
["2024-11-11T16:04:10.145", "DEBUG", "uaclient.files.files", "read", 55, "File does not exist: /var/lib/ubuntu-advantage/private/machine-token.json", {}]
["2024-11-11T16:04:10.146", "DEBUG", "root", "write_file", 382, "Writing file /var/lib/ubuntu-advantage/apt-esm/etc/apt/sources.list.d/ubuntu-esm-apps.list atomically via tempfile /var/lib/ubuntu-advantage/apt-esm/etc/apt/sources.list.d/tmpqdvoxm28", {}]
["2024-11-11T16:04:10.146", "DEBUG", "root", "export_gpg_key", 18, "Exporting GPG key /usr/share/keyrings/ubuntu-advantage-esm-apps.gpg", {}]
["2024-11-11T16:04:25.520", "DEBUG", "root", "load_file", 356, "Reading file: /run/ubuntu-advantage//aptnews.json", {}]
["2024-11-11T16:04:25.524", "DEBUG", "root", "select_message", 151, "msg dates don't apply: AptNewsMessage{'begin': datetime.datetime(2024, 9, 27, 0, 0, tzinfo=datetime.timezone.utc), 'end': None, 'selectors': {'codenames': ['focal'], 'clouds': None, 'pro': None}, 'lines': ['Patches available for packages affected by CUPS Remote Code Execution issue', 'tracked by CVE-2024-47076, CVE-2024-47175, CVE-2024-47176, and CVE-2024-47177', 'For more see: https://ubuntu.com/blog/cups-remote-code-execution']}", {}]
["2024-11-11T16:04:25.525", "DEBUG", "root", "select_message", 151, "msg dates don't apply: AptNewsMessage{'begin': datetime.datetime(2024, 9, 27, 0, 0, tzinfo=datetime.timezone.utc), 'end': None, 'selectors': {'codenames': ['jammy'], 'clouds': None, 'pro': None}, 'lines': ['Patches available for packages affected by CUPS Remote Code Execution issue', 'tracked by CVE-2024-47076, CVE-2024-47175, CVE-2024-47176, and CVE-2024-47177', 'For more see: https://ubuntu.com/blog/cups-remote-code-execution']}", {}]
["2024-11-11T16:04:25.525", "DEBUG", "root", "select_message", 151, "msg dates don't apply: AptNewsMessage{'begin': datetime.datetime(2024, 9, 27, 0, 0, tzinfo=datetime.timezone.utc), 'end': None, 'selectors': {'codenames': ['noble'], 'clouds': None, 'pro': None}, 'lines': ['Patches available for packages affected by CUPS Remote Code Execution issue', 'tracked by CVE-2024-47076, CVE-2024-47175, CVE-2024-47176, and CVE-2024-47177', 'For more see: https://ubuntu.com/blog/cups-remote-code-execution']}", {}]
["2024-11-11T16:04:25.525", "DEBUG", "root", "fetch_and_process_apt_news", 178, "using msg: None", {}]
